<?xml version="1.0" encoding="UTF-8"?>
<testng-results skipped="0" failed="0" total="2" passed="2">
  <reporter-output>
  </reporter-output>
  <suite name="Default suite" duration-ms="11975" started-at="2018-05-20T12:03:37Z" finished-at="2018-05-20T12:03:49Z">
    <groups>
    </groups>
    <test name="Default test" duration-ms="11975" started-at="2018-05-20T12:03:37Z" finished-at="2018-05-20T12:03:49Z">
      <class name="roi.roitest.ScreenKeyBoardTest">
        <test-method status="PASS" signature="setup()[pri:0, instance:roi.roitest.ScreenKeyBoardTest@c29fe36]" name="setup" is-config="true" duration-ms="9328" started-at="2018-05-20T15:03:37Z" finished-at="2018-05-20T15:03:47Z">
          <reporter-output>
          </reporter-output>
        </test-method> <!-- setup -->
        <test-method status="PASS" signature="testKeyboardAppearance()[pri:1, instance:roi.roitest.ScreenKeyBoardTest@c29fe36]" name="testKeyboardAppearance" duration-ms="1166" started-at="2018-05-20T15:03:47Z" finished-at="2018-05-20T15:03:48Z">
          <reporter-output>
          </reporter-output>
        </test-method> <!-- testKeyboardAppearance -->
        <test-method status="PASS" signature="testKeyBoardClose()[pri:2, instance:roi.roitest.ScreenKeyBoardTest@c29fe36]" name="testKeyBoardClose" duration-ms="344" started-at="2018-05-20T15:03:48Z" finished-at="2018-05-20T15:03:48Z">
          <reporter-output>
          </reporter-output>
        </test-method> <!-- testKeyBoardClose -->
        <test-method status="PASS" signature="tearDown()[pri:0, instance:roi.roitest.ScreenKeyBoardTest@c29fe36]" name="tearDown" is-config="true" duration-ms="1033" started-at="2018-05-20T15:03:48Z" finished-at="2018-05-20T15:03:49Z">
          <reporter-output>
          </reporter-output>
        </test-method> <!-- tearDown -->
      </class> <!-- roi.roitest.ScreenKeyBoardTest -->
    </test> <!-- Default test -->
  </suite> <!-- Default suite -->
</testng-results>
